  main.cpp
D:\opencv3.1.0\opencv\build\include\opencv2/core/mat.hpp(1965): warning C4819: 该文件包含不能在当前代码页(936)中表示的字符。请将该文件保存为 Unicode 格式以防止数据丢失
D:\opencv3.1.0\opencv\build\include\opencv2/core/persistence.hpp : warning C4819: 该文件包含不能在当前代码页(936)中表示的字符。请将该文件保存为 Unicode 格式以防止数据丢失
D:\opencv3.1.0\opencv\build\include\opencv2/core/utility.hpp : warning C4819: 该文件包含不能在当前代码页(936)中表示的字符。请将该文件保存为 Unicode 格式以防止数据丢失
D:\opencv3.1.0\opencv\build\include\opencv2/core/utility.hpp : warning C4819: 该文件包含不能在当前代码页(936)中表示的字符。请将该文件保存为 Unicode 格式以防止数据丢失
c:\users\youna\documents\visual studio 2015\projects\car_logo_identify\car_logo_identify\image.h(29): warning C4244: “初始化”: 从“double”转换到“int”，可能丢失数据
c:\users\youna\documents\visual studio 2015\projects\car_logo_identify\car_logo_identify\image.h(30): warning C4244: “初始化”: 从“double”转换到“int”，可能丢失数据
c:\users\youna\documents\visual studio 2015\projects\car_logo_identify\car_logo_identify\image.h(35): warning C4244: “参数”: 从“int”转换到“float”，可能丢失数据
c:\users\youna\documents\visual studio 2015\projects\car_logo_identify\car_logo_identify\image.h(36): warning C4244: “参数”: 从“int”转换到“float”，可能丢失数据
c:\users\youna\documents\visual studio 2015\projects\car_logo_identify\car_logo_identify\image.h(40): warning C4244: “参数”: 从“double”转换到“float”，可能丢失数据
c:\users\youna\documents\visual studio 2015\projects\car_logo_identify\car_logo_identify\image.h(41): warning C4244: “参数”: 从“int”转换到“float”，可能丢失数据
c:\users\youna\documents\visual studio 2015\projects\car_logo_identify\car_logo_identify\image.h(45): warning C4244: “参数”: 从“double”转换到“float”，可能丢失数据
c:\users\youna\documents\visual studio 2015\projects\car_logo_identify\car_logo_identify\image.h(46): warning C4244: “参数”: 从“double”转换到“float”，可能丢失数据
c:\users\youna\documents\visual studio 2015\projects\car_logo_identify\car_logo_identify\image.h(47): warning C4244: “参数”: 从“double”转换到“float”，可能丢失数据
c:\users\youna\documents\visual studio 2015\projects\car_logo_identify\car_logo_identify\image.h(115): warning C4244: “参数”: 从“int”转换到“float”，可能丢失数据
c:\users\youna\documents\visual studio 2015\projects\car_logo_identify\car_logo_identify\image.h(116): warning C4244: “参数”: 从“int”转换到“float”，可能丢失数据
c:\users\youna\documents\visual studio 2015\projects\car_logo_identify\car_logo_identify\image.h(121): warning C4244: “初始化”: 从“double”转换到“int”，可能丢失数据
c:\users\youna\documents\visual studio 2015\projects\car_logo_identify\car_logo_identify\image.h(122): warning C4244: “初始化”: 从“double”转换到“int”，可能丢失数据
c:\users\youna\documents\visual studio 2015\projects\car_logo_identify\car_logo_identify\image.h(124): warning C4244: “参数”: 从“int”转换到“float”，可能丢失数据
c:\users\youna\documents\visual studio 2015\projects\car_logo_identify\car_logo_identify\image.h(125): warning C4244: “参数”: 从“int”转换到“float”，可能丢失数据
c:\users\youna\documents\visual studio 2015\projects\car_logo_identify\car_logo_identify\image.h(126): warning C4244: “参数”: 从“int”转换到“float”，可能丢失数据
c:\users\youna\documents\visual studio 2015\projects\car_logo_identify\car_logo_identify\image.h(130): warning C4244: “参数”: 从“int”转换到“float”，可能丢失数据
c:\users\youna\documents\visual studio 2015\projects\car_logo_identify\car_logo_identify\image.h(134): warning C4244: “参数”: 从“double”转换到“int”，可能丢失数据
c:\users\youna\documents\visual studio 2015\projects\car_logo_identify\car_logo_identify\image.h(141): warning C4244: “参数”: 从“int”转换到“float”，可能丢失数据
c:\users\youna\documents\visual studio 2015\projects\car_logo_identify\car_logo_identify\image.h(148): warning C4244: “初始化”: 从“double”转换到“int”，可能丢失数据
c:\users\youna\documents\visual studio 2015\projects\car_logo_identify\car_logo_identify\image.h(149): warning C4244: “初始化”: 从“double”转换到“int”，可能丢失数据
c:\users\youna\documents\visual studio 2015\projects\car_logo_identify\car_logo_identify\image.h(151): warning C4244: “参数”: 从“int”转换到“float”，可能丢失数据
c:\users\youna\documents\visual studio 2015\projects\car_logo_identify\car_logo_identify\image.h(154): warning C4244: “参数”: 从“int”转换到“float”，可能丢失数据
c:\users\youna\documents\visual studio 2015\projects\car_logo_identify\car_logo_identify\image.h(155): warning C4244: “参数”: 从“int”转换到“float”，可能丢失数据
c:\users\youna\documents\visual studio 2015\projects\car_logo_identify\car_logo_identify\image.h(156): warning C4244: “参数”: 从“int”转换到“float”，可能丢失数据
c:\users\youna\documents\visual studio 2015\projects\car_logo_identify\car_logo_identify\image.h(163): warning C4244: “参数”: 从“int”转换到“float”，可能丢失数据
c:\users\youna\documents\visual studio 2015\projects\car_logo_identify\car_logo_identify\image.h(164): warning C4244: “参数”: 从“int”转换到“float”，可能丢失数据
c:\users\youna\documents\visual studio 2015\projects\car_logo_identify\car_logo_identify\image.h(165): warning C4244: “参数”: 从“int”转换到“float”，可能丢失数据
c:\users\youna\documents\visual studio 2015\projects\car_logo_identify\car_logo_identify\image.h(173): warning C4244: “初始化”: 从“double”转换到“int”，可能丢失数据
c:\users\youna\documents\visual studio 2015\projects\car_logo_identify\car_logo_identify\image.h(176): warning C4244: “参数”: 从“double”转换到“float”，可能丢失数据
c:\users\youna\documents\visual studio 2015\projects\car_logo_identify\car_logo_identify\image.h(177): warning C4244: “参数”: 从“int”转换到“float”，可能丢失数据
c:\users\youna\documents\visual studio 2015\projects\car_logo_identify\car_logo_identify\image.h(184): warning C4244: “初始化”: 从“double”转换到“int”，可能丢失数据
c:\users\youna\documents\visual studio 2015\projects\car_logo_identify\car_logo_identify\image.h(186): warning C4244: “参数”: 从“int”转换到“float”，可能丢失数据
c:\users\youna\documents\visual studio 2015\projects\car_logo_identify\car_logo_identify\image.h(187): warning C4244: “参数”: 从“double”转换到“float”，可能丢失数据
main.cpp(108): warning C4129: “*”: 不可识别的字符转义序列
main.cpp(164): warning C4018: “<”: 有符号/无符号不匹配
main.cpp(318): warning C4244: “参数”: 从“double”转换到“unsigned __int64”，可能丢失数据
main.cpp(320): warning C4244: “参数”: 从“double”转换到“unsigned __int64”，可能丢失数据
main.cpp(374): warning C4267: “初始化”: 从“size_t”转换到“int”，可能丢失数据
main.cpp(154): warning C4477: “printf”: 格式字符串“%s”需要类型“char *”的参数，但可变参数 1 拥有了类型“int”
main.cpp(154): warning C4313: “printf”: 格式字符串中的“%s”与“int”类型的参数 1 冲突
main.cpp(586): warning C4244: “参数”: 从“double”转换到“unsigned __int64”，可能丢失数据
main.cpp(588): warning C4244: “参数”: 从“double”转换到“unsigned __int64”，可能丢失数据
main.cpp(642): warning C4267: “初始化”: 从“size_t”转换到“int”，可能丢失数据
main.cpp(549): warning C4102: “std”: 未引用的标签
main.cpp(789): warning C4102: “std”: 未引用的标签
main.cpp(830): warning C4102: “std”: 未引用的标签
main.cpp(1243): warning C4244: “参数”: 从“time_t”转换到“unsigned int”，可能丢失数据
main.cpp(1273): warning C4244: “初始化”: 从“double”转换到“std::size_t”，可能丢失数据
main.cpp(1274): warning C4267: “参数”: 从“size_t”转换到“int”，可能丢失数据
main.cpp(1275): warning C4267: “参数”: 从“size_t”转换到“int”，可能丢失数据
main.cpp(1279): warning C4267: “参数”: 从“size_t”转换到“DWORD”，可能丢失数据
main.cpp(1284): warning C4267: “=”: 从“size_t”转换到“int”，可能丢失数据
main.cpp(1304): warning C4267: “参数”: 从“size_t”转换到“int”，可能丢失数据
main.cpp(1324): warning C4267: “参数”: 从“size_t”转换到“const int”，可能丢失数据
main.cpp(1325): warning C4267: “参数”: 从“size_t”转换到“const int”，可能丢失数据
main.cpp(1326): warning C4267: “参数”: 从“size_t”转换到“const int”，可能丢失数据
main.cpp(1327): warning C4267: “参数”: 从“size_t”转换到“const int”，可能丢失数据
main.cpp(1333): warning C4267: “参数”: 从“size_t”转换到“const int”，可能丢失数据
main.cpp(1334): warning C4267: “参数”: 从“size_t”转换到“const int”，可能丢失数据
main.cpp(1335): warning C4267: “参数”: 从“size_t”转换到“const int”，可能丢失数据
main.cpp(1336): warning C4267: “参数”: 从“size_t”转换到“const int”，可能丢失数据
main.cpp(1365): warning C4244: “初始化”: 从“double”转换到“std::size_t”，可能丢失数据
main.cpp(1366): warning C4267: “参数”: 从“size_t”转换到“int”，可能丢失数据
main.cpp(1367): warning C4267: “参数”: 从“size_t”转换到“int”，可能丢失数据
main.cpp(1371): warning C4267: “参数”: 从“size_t”转换到“DWORD”，可能丢失数据
main.cpp(1377): warning C4267: “=”: 从“size_t”转换到“int”，可能丢失数据
main.cpp(1396): warning C4267: “参数”: 从“size_t”转换到“int”，可能丢失数据
main.cpp(1415): warning C4267: “参数”: 从“size_t”转换到“const int”，可能丢失数据
main.cpp(1416): warning C4267: “参数”: 从“size_t”转换到“const int”，可能丢失数据
main.cpp(1417): warning C4267: “参数”: 从“size_t”转换到“const int”，可能丢失数据
main.cpp(1418): warning C4267: “参数”: 从“size_t”转换到“const int”，可能丢失数据
main.cpp(1424): warning C4267: “参数”: 从“size_t”转换到“const int”，可能丢失数据
main.cpp(1425): warning C4267: “参数”: 从“size_t”转换到“const int”，可能丢失数据
main.cpp(1426): warning C4267: “参数”: 从“size_t”转换到“const int”，可能丢失数据
main.cpp(1427): warning C4267: “参数”: 从“size_t”转换到“const int”，可能丢失数据
main.cpp(1456): warning C4244: “初始化”: 从“double”转换到“std::size_t”，可能丢失数据
main.cpp(1457): warning C4267: “参数”: 从“size_t”转换到“int”，可能丢失数据
main.cpp(1458): warning C4267: “参数”: 从“size_t”转换到“int”，可能丢失数据
main.cpp(1462): warning C4267: “参数”: 从“size_t”转换到“DWORD”，可能丢失数据
main.cpp(1468): warning C4267: “=”: 从“size_t”转换到“int”，可能丢失数据
main.cpp(1487): warning C4267: “参数”: 从“size_t”转换到“int”，可能丢失数据
main.cpp(1506): warning C4267: “参数”: 从“size_t”转换到“const int”，可能丢失数据
main.cpp(1507): warning C4267: “参数”: 从“size_t”转换到“const int”，可能丢失数据
main.cpp(1508): warning C4267: “参数”: 从“size_t”转换到“const int”，可能丢失数据
main.cpp(1509): warning C4267: “参数”: 从“size_t”转换到“const int”，可能丢失数据
main.cpp(1515): warning C4267: “参数”: 从“size_t”转换到“const int”，可能丢失数据
main.cpp(1516): warning C4267: “参数”: 从“size_t”转换到“const int”，可能丢失数据
main.cpp(1517): warning C4267: “参数”: 从“size_t”转换到“const int”，可能丢失数据
main.cpp(1518): warning C4267: “参数”: 从“size_t”转换到“const int”，可能丢失数据
main.cpp(1737): warning C4244: “参数”: 从“double”转换到“float”，可能丢失数据
main.cpp(1769): warning C4267: “=”: 从“size_t”转换到“int”，可能丢失数据
main.cpp(1808): warning C4244: “=”: 从“double”转换到“float”，可能丢失数据
main.cpp(1842): warning C4244: “参数”: 从“double”转换到“float”，可能丢失数据
main.cpp(1861): warning C4244: “=”: 从“double”转换到“float”，可能丢失数据
main.cpp(1660): warning C4102: “std”: 未引用的标签
LINK : warning LNK4098: 默认库“LIBCMTD”与其他库的使用冲突；请使用 /NODEFAULTLIB:library
  正在生成代码
  15 of 1435 functions ( 1.0%) were compiled, the rest were copied from previous compilation.
    0 functions were new in current compilation
    3 functions had inline decision re-evaluated but remain unchanged
  已完成代码的生成
  car_logo_identify.vcxproj -> C:\Users\YOUNA\Documents\Visual Studio 2015\Projects\car_logo_identify\x64\Release\car_logo_identify.exe
  car_logo_identify.vcxproj -> C:\Users\YOUNA\Documents\Visual Studio 2015\Projects\car_logo_identify\x64\Release\car_logo_identify.pdb (Full PDB)
